[debug] [2024-04-24T08:17:43.843Z] ----------------------------------------------------------------------
[debug] [2024-04-24T08:17:43.847Z] Command:       C:\Program Files\nodejs\node.exe C:\Users\DELL\OneDrive\Documents\GitHub\225-github-actions-demo-2\node_modules\firebase-tools\lib\bin\firebase.js init hosting
[debug] [2024-04-24T08:17:43.847Z] CLI Version:   13.7.4
[debug] [2024-04-24T08:17:43.847Z] Platform:      win32
[debug] [2024-04-24T08:17:43.847Z] Node Version:  v21.6.2
[debug] [2024-04-24T08:17:43.848Z] Time:          Wed Apr 24 2024 15:17:43 GMT+0700 (Indochina Time)
[debug] [2024-04-24T08:17:43.848Z] ----------------------------------------------------------------------
[debug] 
[debug] [2024-04-24T08:17:43.930Z] > command requires scopes: ["email","openid","https://www.googleapis.com/auth/cloudplatformprojects.readonly","https://www.googleapis.com/auth/firebase","https://www.googleapis.com/auth/cloud-platform"]
[debug] [2024-04-24T08:17:43.930Z] > authorizing via signed-in user (6633171921@student.chula.ac.th)
[info] 
     ######## #### ########  ######## ########     ###     ######  ########
     ##        ##  ##     ## ##       ##     ##  ##   ##  ##       ##
     ######    ##  ########  ######   ########  #########  ######  ######
     ##        ##  ##    ##  ##       ##     ## ##     ##       ## ##
     ##       #### ##     ## ######## ########  ##     ##  ######  ########

You're about to initialize a Firebase project in this directory:

  C:\Users\DELL\OneDrive\Documents\GitHub\225-github-actions-demo-2

Before we get started, keep in mind:

  * You are initializing within an existing Firebase project directory

[info] 
=== Project Setup
[info] 
[info] First, let's associate this project directory with a Firebase project.
[info] You can create multiple project aliases by running firebase use --add, 
[info] but for now we'll just set up a default project.
[info] 
[debug] [2024-04-24T08:17:46.509Z] Using project from CLI flag: fireship-lessons
[debug] [2024-04-24T08:17:46.511Z] >>> [apiv2][query] GET https://firebase.googleapis.com/v1beta1/projects/fireship-lessons [none]
[debug] [2024-04-24T08:17:47.003Z] <<< [apiv2][status] GET https://firebase.googleapis.com/v1beta1/projects/fireship-lessons 403
[debug] [2024-04-24T08:17:47.004Z] <<< [apiv2][body] GET https://firebase.googleapis.com/v1beta1/projects/fireship-lessons {"error":{"code":403,"message":"The caller does not have permission","status":"PERMISSION_DENIED"}}
[debug] [2024-04-24T08:17:47.004Z] HTTP Error: 403, The caller does not have permission
[debug] [2024-04-24T08:17:47.100Z] FirebaseError: HTTP Error: 403, The caller does not have permission
    at responseToError (C:\Users\DELL\OneDrive\Documents\GitHub\225-github-actions-demo-2\node_modules\firebase-tools\lib\responseToError.js:49:12)
    at RetryOperation._fn (C:\Users\DELL\OneDrive\Documents\GitHub\225-github-actions-demo-2\node_modules\firebase-tools\lib\apiv2.js:299:77)
    at process.processTicksAndRejections (node:internal/process/task_queues:95:5)
[error] 
[error] Error: Failed to get Firebase project fireship-lessons. Please make sure the project exists and your account has permission to access it.
